<?xml version="1.0" encoding="UTF-8"?>
<testng-results skipped="0" failed="0" ignored="0" total="1" passed="1">
  <reporter-output>
  </reporter-output>
  <suite name="My Test Suite" duration-ms="367748" started-at="2019-03-29T03:27:08Z" finished-at="2019-03-29T03:33:15Z">
    <groups>
    </groups>
    <test name="My Test" duration-ms="367748" started-at="2019-03-29T03:27:08Z" finished-at="2019-03-29T03:33:15Z">
      <class name="com.amazonprimepack.TestBase">
        <test-method status="PASS" signature="beforeTest()[pri:0, instance:com.amazonprimepack.TestBase@18eed359]" name="beforeTest" is-config="true" duration-ms="71313" started-at="2019-03-29T03:27:08Z" finished-at="2019-03-29T03:28:19Z">
          <reporter-output>
          </reporter-output>
        </test-method> <!-- beforeTest -->
        <test-method status="PASS" signature="setup()[pri:0, instance:com.amazonprimepack.TestBase@18eed359]" name="setup" is-config="true" duration-ms="52339" started-at="2019-03-29T03:28:19Z" finished-at="2019-03-29T03:29:11Z">
          <reporter-output>
          </reporter-output>
        </test-method> <!-- setup -->
        <test-method status="PASS" signature="test_Home_Page()[pri:0, instance:com.amazonprimepack.TestBase@18eed359]" name="test_Home_Page" duration-ms="51278" started-at="2019-03-29T03:29:11Z" finished-at="2019-03-29T03:30:03Z">
          <reporter-output>
          </reporter-output>
        </test-method> <!-- test_Home_Page -->
        <test-method status="PASS" signature="getResult(org.testng.ITestResult)[pri:0, instance:com.amazonprimepack.TestBase@18eed359]" name="getResult" is-config="true" duration-ms="928" started-at="2019-03-29T03:30:03Z" finished-at="2019-03-29T03:30:04Z">
          <params>
            <param index="0">
              <value>
                <![CDATA[[TestResult name=test_Home_Page status=SUCCESS method=TestBase.test_Home_Page()[pri:0, instance:com.amazonprimepack.TestBase@18eed359] output={null}]]]>
              </value>
            </param>
          </params>
          <reporter-output>
          </reporter-output>
        </test-method> <!-- getResult -->
        <test-method status="PASS" signature="endReport()[pri:0, instance:com.amazonprimepack.TestBase@18eed359]" name="endReport" is-config="true" duration-ms="191825" started-at="2019-03-29T03:30:04Z" finished-at="2019-03-29T03:33:15Z">
          <reporter-output>
          </reporter-output>
        </test-method> <!-- endReport -->
      </class> <!-- com.amazonprimepack.TestBase -->
    </test> <!-- My Test -->
  </suite> <!-- My Test Suite -->
</testng-results>
