<?xml version="1.0" encoding="UTF-8"?>
<testng-results skipped="0" failed="0" total="1" passed="1">
  <reporter-output>
  </reporter-output>
  <suite name="My Test Suite" duration-ms="62967" started-at="2019-03-29T02:53:56Z" finished-at="2019-03-29T02:54:59Z">
    <groups>
    </groups>
    <test name="My Test" duration-ms="62967" started-at="2019-03-29T02:53:56Z" finished-at="2019-03-29T02:54:59Z">
      <class name="com.amazonprimepack.TestBase">
        <test-method status="PASS" signature="beforeTest()[pri:0, instance:com.amazonprimepack.TestBase@27abe2cd]" name="beforeTest" is-config="true" duration-ms="408" started-at="2019-03-28T22:53:56Z" finished-at="2019-03-28T22:53:56Z">
          <reporter-output>
          </reporter-output>
        </test-method> <!-- beforeTest -->
        <test-method status="PASS" signature="setup()[pri:0, instance:com.amazonprimepack.TestBase@27abe2cd]" name="setup" is-config="true" duration-ms="11050" started-at="2019-03-28T22:53:56Z" finished-at="2019-03-28T22:54:07Z">
          <reporter-output>
          </reporter-output>
        </test-method> <!-- setup -->
        <test-method status="PASS" signature="test_Home_Page()[pri:0, instance:com.amazonprimepack.TestBase@27abe2cd]" name="test_Home_Page" duration-ms="49688" started-at="2019-03-28T22:54:07Z" finished-at="2019-03-28T22:54:57Z">
          <reporter-output>
          </reporter-output>
        </test-method> <!-- test_Home_Page -->
        <test-method status="PASS" signature="getResult(org.testng.ITestResult)[pri:0, instance:com.amazonprimepack.TestBase@27abe2cd]" name="getResult" is-config="true" duration-ms="986" started-at="2019-03-28T22:54:57Z" finished-at="2019-03-28T22:54:58Z">
          <params>
            <param index="0">
              <value>
                <![CDATA[[TestResult name=test_Home_Page status=SUCCESS method=TestBase.test_Home_Page()[pri:0, instance:com.amazonprimepack.TestBase@27abe2cd] output={null}]]]>
              </value>
            </param>
          </params>
          <reporter-output>
          </reporter-output>
        </test-method> <!-- getResult -->
        <test-method status="PASS" signature="endReport()[pri:0, instance:com.amazonprimepack.TestBase@27abe2cd]" name="endReport" is-config="true" duration-ms="817" started-at="2019-03-28T22:54:58Z" finished-at="2019-03-28T22:54:59Z">
          <reporter-output>
          </reporter-output>
        </test-method> <!-- endReport -->
      </class> <!-- com.amazonprimepack.TestBase -->
    </test> <!-- My Test -->
  </suite> <!-- My Test Suite -->
</testng-results>
